2021-02-13T08:45:14+00:00 CRITICAL Uncaught Error: Function name must be a string in /opt/bitnami/apps/wordpress/htdocs/wp-content/plugins/code-snippets/php/snippet-ops.php(446) : eval()'d code:65
Stack trace:
#0 /opt/bitnami/apps/wordpress/htdocs/wp-includes/rest-api/class-wp-rest-server.php(1160): get_product_by_step()
#1 /opt/bitnami/apps/wordpress/htdocs/wp-includes/rest-api/class-wp-rest-server.php(1007): WP_REST_Server->respond_to_request()
#2 /opt/bitnami/apps/wordpress/htdocs/wp-includes/rest-api/class-wp-rest-server.php(440): WP_REST_Server->dispatch()
#3 /opt/bitnami/apps/wordpress/htdocs/wp-includes/rest-api.php(354): WP_REST_Server->serve_request()
#4 /opt/bitnami/apps/wordpress/htdocs/wp-includes/class-wp-hook.php(287): rest_api_loaded()
#5 /opt/bitnami/apps/wordpress/htdocs/wp-includes/class-wp-hook.php(311): WP_Hook->apply_filters()
#6 /opt/bitnami/apps/wordpress/htdocs/wp-includes/plugin.php(551): WP_Hook->do_action()
#7 /opt/bitnami/apps/wordpress/htdocs/wp-includes/class-wp.php(388): do_action_ref_array()
#8 /opt/bitnami/apps in /opt/bitnami/apps/wordpress/htdocs/wp-content/plugins/code-snippets/php/snippet-ops.php(446) : eval()'d code on line 65

2021-02-13T08:45:21+00:00 CRITICAL Uncaught Error: Function name must be a string in /opt/bitnami/apps/wordpress/htdocs/wp-content/plugins/code-snippets/php/snippet-ops.php(446) : eval()'d code:65
Stack trace:
#0 /opt/bitnami/apps/wordpress/htdocs/wp-includes/rest-api/class-wp-rest-server.php(1160): get_product_by_step()
#1 /opt/bitnami/apps/wordpress/htdocs/wp-includes/rest-api/class-wp-rest-server.php(1007): WP_REST_Server->respond_to_request()
#2 /opt/bitnami/apps/wordpress/htdocs/wp-includes/rest-api/class-wp-rest-server.php(440): WP_REST_Server->dispatch()
#3 /opt/bitnami/apps/wordpress/htdocs/wp-includes/rest-api.php(354): WP_REST_Server->serve_request()
#4 /opt/bitnami/apps/wordpress/htdocs/wp-includes/class-wp-hook.php(287): rest_api_loaded()
#5 /opt/bitnami/apps/wordpress/htdocs/wp-includes/class-wp-hook.php(311): WP_Hook->apply_filters()
#6 /opt/bitnami/apps/wordpress/htdocs/wp-includes/plugin.php(551): WP_Hook->do_action()
#7 /opt/bitnami/apps/wordpress/htdocs/wp-includes/class-wp.php(388): do_action_ref_array()
#8 /opt/bitnami/apps in /opt/bitnami/apps/wordpress/htdocs/wp-content/plugins/code-snippets/php/snippet-ops.php(446) : eval()'d code on line 65

2021-02-13T08:45:39+00:00 CRITICAL Uncaught Error: Function name must be a string in /opt/bitnami/apps/wordpress/htdocs/wp-content/plugins/code-snippets/php/snippet-ops.php(446) : eval()'d code:65
Stack trace:
#0 /opt/bitnami/apps/wordpress/htdocs/wp-includes/rest-api/class-wp-rest-server.php(1160): get_product_by_step()
#1 /opt/bitnami/apps/wordpress/htdocs/wp-includes/rest-api/class-wp-rest-server.php(1007): WP_REST_Server->respond_to_request()
#2 /opt/bitnami/apps/wordpress/htdocs/wp-includes/rest-api/class-wp-rest-server.php(440): WP_REST_Server->dispatch()
#3 /opt/bitnami/apps/wordpress/htdocs/wp-includes/rest-api.php(354): WP_REST_Server->serve_request()
#4 /opt/bitnami/apps/wordpress/htdocs/wp-includes/class-wp-hook.php(287): rest_api_loaded()
#5 /opt/bitnami/apps/wordpress/htdocs/wp-includes/class-wp-hook.php(311): WP_Hook->apply_filters()
#6 /opt/bitnami/apps/wordpress/htdocs/wp-includes/plugin.php(551): WP_Hook->do_action()
#7 /opt/bitnami/apps/wordpress/htdocs/wp-includes/class-wp.php(388): do_action_ref_array()
#8 /opt/bitnami/apps in /opt/bitnami/apps/wordpress/htdocs/wp-content/plugins/code-snippets/php/snippet-ops.php(446) : eval()'d code on line 65

2021-02-13T12:26:08+00:00 CRITICAL Uncaught Error: Function name must be a string in /opt/bitnami/apps/wordpress/htdocs/wp-content/plugins/code-snippets/php/snippet-ops.php(446) : eval()'d code:65
Stack trace:
#0 /opt/bitnami/apps/wordpress/htdocs/wp-includes/rest-api/class-wp-rest-server.php(1160): get_product_by_step()
#1 /opt/bitnami/apps/wordpress/htdocs/wp-includes/rest-api/class-wp-rest-server.php(1007): WP_REST_Server->respond_to_request()
#2 /opt/bitnami/apps/wordpress/htdocs/wp-includes/rest-api/class-wp-rest-server.php(440): WP_REST_Server->dispatch()
#3 /opt/bitnami/apps/wordpress/htdocs/wp-includes/rest-api.php(354): WP_REST_Server->serve_request()
#4 /opt/bitnami/apps/wordpress/htdocs/wp-includes/class-wp-hook.php(287): rest_api_loaded()
#5 /opt/bitnami/apps/wordpress/htdocs/wp-includes/class-wp-hook.php(311): WP_Hook->apply_filters()
#6 /opt/bitnami/apps/wordpress/htdocs/wp-includes/plugin.php(551): WP_Hook->do_action()
#7 /opt/bitnami/apps/wordpress/htdocs/wp-includes/class-wp.php(388): do_action_ref_array()
#8 /opt/bitnami/apps in /opt/bitnami/apps/wordpress/htdocs/wp-content/plugins/code-snippets/php/snippet-ops.php(446) : eval()'d code on line 65

2021-02-13T12:27:58+00:00 CRITICAL Uncaught Error: Function name must be a string in /opt/bitnami/apps/wordpress/htdocs/wp-content/plugins/code-snippets/php/snippet-ops.php(446) : eval()'d code:65
Stack trace:
#0 /opt/bitnami/apps/wordpress/htdocs/wp-includes/rest-api/class-wp-rest-server.php(1160): get_product_by_step()
#1 /opt/bitnami/apps/wordpress/htdocs/wp-includes/rest-api/class-wp-rest-server.php(1007): WP_REST_Server->respond_to_request()
#2 /opt/bitnami/apps/wordpress/htdocs/wp-includes/rest-api/class-wp-rest-server.php(440): WP_REST_Server->dispatch()
#3 /opt/bitnami/apps/wordpress/htdocs/wp-includes/rest-api.php(354): WP_REST_Server->serve_request()
#4 /opt/bitnami/apps/wordpress/htdocs/wp-includes/class-wp-hook.php(287): rest_api_loaded()
#5 /opt/bitnami/apps/wordpress/htdocs/wp-includes/class-wp-hook.php(311): WP_Hook->apply_filters()
#6 /opt/bitnami/apps/wordpress/htdocs/wp-includes/plugin.php(551): WP_Hook->do_action()
#7 /opt/bitnami/apps/wordpress/htdocs/wp-includes/class-wp.php(388): do_action_ref_array()
#8 /opt/bitnami/apps in /opt/bitnami/apps/wordpress/htdocs/wp-content/plugins/code-snippets/php/snippet-ops.php(446) : eval()'d code on line 65

2021-02-13T19:34:21+00:00 CRITICAL Uncaught Error: Call to a member function get() on null in /opt/bitnami/apps/wordpress/htdocs/wp-content/themes/electro-child/functions.php:21
Stack trace:
#0 /opt/bitnami/apps/wordpress/htdocs/wp-includes/class-wp-hook.php(287): x34fg_gateway_disable_shipping()
#1 /opt/bitnami/apps/wordpress/htdocs/wp-includes/plugin.php(212): WP_Hook->apply_filters()
#2 /opt/bitnami/apps/wordpress/htdocs/wp-content/plugins/woocommerce/includes/class-wc-payment-gateways.php(160): apply_filters()
#3 /opt/bitnami/apps/wordpress/htdocs/wp-content/plugins/woocommerce/packages/woocommerce-admin/src/Notes/OnboardingPayments.php(38): WC_Payment_Gateways->get_available_payment_gateways()
#4 /opt/bitnami/apps/wordpress/htdocs/wp-content/plugins/woocommerce/packages/woocommerce-admin/src/Notes/NoteTraits.php(74): Automattic\WooCommerce\Admin\Notes\OnboardingPayments::get_note()
#5 /opt/bitnami/apps/wordpress/htdocs/wp-content/plugins/woocommerce/packages/woocommerce-admin/src/Events.php(91): Automattic\WooCommerce\Admin\Notes\Onboardi in /opt/bitnami/apps/wordpress/htdocs/wp-content/themes/electro-child/functions.php on line 21

