2021-01-30T18:14:01+00:00 CRITICAL Uncaught ArgumentCountError: Too few arguments to function add_assemble_price(), 1 passed in /opt/bitnami/apps/wordpress/htdocs/wp-includes/class-wp-hook.php on line 289 and exactly 2 expected in /opt/bitnami/apps/wordpress/htdocs/wp-content/themes/electro-child/functions.php:205
Stack trace:
#0 /opt/bitnami/apps/wordpress/htdocs/wp-includes/class-wp-hook.php(289): add_assemble_price()
#1 /opt/bitnami/apps/wordpress/htdocs/wp-includes/plugin.php(212): WP_Hook->apply_filters()
#2 /opt/bitnami/apps/wordpress/htdocs/wp-content/plugins/woocommerce-product-builder/frontend/step.php(318): apply_filters()
#3 /opt/bitnami/apps/wordpress/htdocs/wp-includes/class-wp-hook.php(287): VI_WPRODUCTBUILDER_FrontEnd_Step->step_html()
#4 /opt/bitnami/apps/wordpress/htdocs/wp-includes/class-wp-hook.php(311): WP_Hook->apply_filters()
#5 /opt/bitnami/apps/wordpress/htdocs/wp-includes/plugin.php(484): WP_Hook->do_action()
#6 /opt/bitnami/apps/wordpress/htdocs/wp-content/plugins/woocommerce-product-builder/templates/content-product- in /opt/bitnami/apps/wordpress/htdocs/wp-content/themes/electro-child/functions.php on line 205

2021-01-30T18:15:11+00:00 CRITICAL Uncaught ArgumentCountError: Too few arguments to function add_assemble_price(), 1 passed in /opt/bitnami/apps/wordpress/htdocs/wp-includes/class-wp-hook.php on line 289 and exactly 2 expected in /opt/bitnami/apps/wordpress/htdocs/wp-content/themes/electro-child/functions.php:205
Stack trace:
#0 /opt/bitnami/apps/wordpress/htdocs/wp-includes/class-wp-hook.php(289): add_assemble_price()
#1 /opt/bitnami/apps/wordpress/htdocs/wp-includes/plugin.php(212): WP_Hook->apply_filters()
#2 /opt/bitnami/apps/wordpress/htdocs/wp-content/plugins/woocommerce-product-builder/frontend/step.php(317): apply_filters()
#3 /opt/bitnami/apps/wordpress/htdocs/wp-includes/class-wp-hook.php(287): VI_WPRODUCTBUILDER_FrontEnd_Step->step_html()
#4 /opt/bitnami/apps/wordpress/htdocs/wp-includes/class-wp-hook.php(311): WP_Hook->apply_filters()
#5 /opt/bitnami/apps/wordpress/htdocs/wp-includes/plugin.php(484): WP_Hook->do_action()
#6 /opt/bitnami/apps/wordpress/htdocs/wp-content/plugins/woocommerce-product-builder/templates/content-product- in /opt/bitnami/apps/wordpress/htdocs/wp-content/themes/electro-child/functions.php on line 205

2021-01-30T18:15:35+00:00 CRITICAL Uncaught ArgumentCountError: Too few arguments to function add_assemble_price(), 1 passed in /opt/bitnami/apps/wordpress/htdocs/wp-includes/class-wp-hook.php on line 289 and exactly 2 expected in /opt/bitnami/apps/wordpress/htdocs/wp-content/themes/electro-child/functions.php:205
Stack trace:
#0 /opt/bitnami/apps/wordpress/htdocs/wp-includes/class-wp-hook.php(289): add_assemble_price()
#1 /opt/bitnami/apps/wordpress/htdocs/wp-includes/plugin.php(212): WP_Hook->apply_filters()
#2 /opt/bitnami/apps/wordpress/htdocs/wp-content/plugins/woocommerce-product-builder/frontend/step.php(317): apply_filters()
#3 /opt/bitnami/apps/wordpress/htdocs/wp-includes/class-wp-hook.php(287): VI_WPRODUCTBUILDER_FrontEnd_Step->step_html()
#4 /opt/bitnami/apps/wordpress/htdocs/wp-includes/class-wp-hook.php(311): WP_Hook->apply_filters()
#5 /opt/bitnami/apps/wordpress/htdocs/wp-includes/plugin.php(484): WP_Hook->do_action()
#6 /opt/bitnami/apps/wordpress/htdocs/wp-content/plugins/woocommerce-product-builder/templates/content-product- in /opt/bitnami/apps/wordpress/htdocs/wp-content/themes/electro-child/functions.php on line 205

2021-01-30T18:16:27+00:00 CRITICAL Uncaught ArgumentCountError: Too few arguments to function add_assemble_price(), 1 passed in /opt/bitnami/apps/wordpress/htdocs/wp-includes/class-wp-hook.php on line 289 and exactly 2 expected in /opt/bitnami/apps/wordpress/htdocs/wp-content/themes/electro-child/functions.php:205
Stack trace:
#0 /opt/bitnami/apps/wordpress/htdocs/wp-includes/class-wp-hook.php(289): add_assemble_price()
#1 /opt/bitnami/apps/wordpress/htdocs/wp-includes/plugin.php(212): WP_Hook->apply_filters()
#2 /opt/bitnami/apps/wordpress/htdocs/wp-content/plugins/woocommerce-product-builder/frontend/step.php(318): apply_filters()
#3 /opt/bitnami/apps/wordpress/htdocs/wp-includes/class-wp-hook.php(287): VI_WPRODUCTBUILDER_FrontEnd_Step->step_html()
#4 /opt/bitnami/apps/wordpress/htdocs/wp-includes/class-wp-hook.php(311): WP_Hook->apply_filters()
#5 /opt/bitnami/apps/wordpress/htdocs/wp-includes/plugin.php(484): WP_Hook->do_action()
#6 /opt/bitnami/apps/wordpress/htdocs/wp-content/plugins/woocommerce-product-builder/templates/content-product- in /opt/bitnami/apps/wordpress/htdocs/wp-content/themes/electro-child/functions.php on line 205

2021-01-30T18:17:42+00:00 CRITICAL Uncaught ArgumentCountError: Too few arguments to function add_assemble_price(), 1 passed in /opt/bitnami/apps/wordpress/htdocs/wp-includes/class-wp-hook.php on line 289 and exactly 2 expected in /opt/bitnami/apps/wordpress/htdocs/wp-content/themes/electro-child/functions.php:205
Stack trace:
#0 /opt/bitnami/apps/wordpress/htdocs/wp-includes/class-wp-hook.php(289): add_assemble_price()
#1 /opt/bitnami/apps/wordpress/htdocs/wp-includes/plugin.php(212): WP_Hook->apply_filters()
#2 /opt/bitnami/apps/wordpress/htdocs/wp-content/plugins/woocommerce-product-builder/frontend/step.php(317): apply_filters()
#3 /opt/bitnami/apps/wordpress/htdocs/wp-includes/class-wp-hook.php(287): VI_WPRODUCTBUILDER_FrontEnd_Step->step_html()
#4 /opt/bitnami/apps/wordpress/htdocs/wp-includes/class-wp-hook.php(311): WP_Hook->apply_filters()
#5 /opt/bitnami/apps/wordpress/htdocs/wp-includes/plugin.php(484): WP_Hook->do_action()
#6 /opt/bitnami/apps/wordpress/htdocs/wp-content/plugins/woocommerce-product-builder/templates/content-product- in /opt/bitnami/apps/wordpress/htdocs/wp-content/themes/electro-child/functions.php on line 205

2021-01-30T18:32:54+00:00 CRITICAL syntax error, unexpected 'Assemble' (T_STRING), expecting ';' or ',' in /opt/bitnami/apps/wordpress/htdocs/wp-content/themes/electro-child/functions.php on line 217

2021-01-30T18:32:54+00:00 CRITICAL syntax error, unexpected 'Assemble' (T_STRING), expecting ';' or ',' in /opt/bitnami/apps/wordpress/htdocs/wp-content/themes/electro-child/functions.php on line 217

2021-01-30T18:49:53+00:00 CRITICAL syntax error, unexpected ';', expecting ')' in /opt/bitnami/apps/wordpress/htdocs/wp-content/themes/electro/inc/woocommerce/functions.php on line 730

2021-01-30T18:50:21+00:00 CRITICAL syntax error, unexpected '&', expecting ')' in /opt/bitnami/apps/wordpress/htdocs/wp-content/themes/electro/inc/woocommerce/functions.php on line 730

2021-01-30T18:50:55+00:00 CRITICAL syntax error, unexpected '&' in /opt/bitnami/apps/wordpress/htdocs/wp-content/themes/electro/inc/woocommerce/functions.php on line 730

2021-01-30T18:51:23+00:00 CRITICAL syntax error, unexpected '&', expecting ')' in /opt/bitnami/apps/wordpress/htdocs/wp-content/themes/electro/inc/woocommerce/functions.php on line 730

2021-01-30T19:13:33+00:00 CRITICAL syntax error, unexpected '}', expecting ';' or ',' in /opt/bitnami/apps/wordpress/htdocs/wp-content/themes/electro-child/functions.php on line 189

2021-01-30T19:33:55+00:00 CRITICAL Uncaught Error: Call to a member function get() on null in /opt/bitnami/apps/wordpress/htdocs/wp-content/themes/electro-child/functions.php:21
Stack trace:
#0 /opt/bitnami/apps/wordpress/htdocs/wp-includes/class-wp-hook.php(287): x34fg_gateway_disable_shipping()
#1 /opt/bitnami/apps/wordpress/htdocs/wp-includes/plugin.php(212): WP_Hook->apply_filters()
#2 /opt/bitnami/apps/wordpress/htdocs/wp-content/plugins/woocommerce/includes/class-wc-payment-gateways.php(160): apply_filters()
#3 /opt/bitnami/apps/wordpress/htdocs/wp-content/plugins/woocommerce/packages/woocommerce-admin/src/Notes/OnboardingPayments.php(38): WC_Payment_Gateways->get_available_payment_gateways()
#4 /opt/bitnami/apps/wordpress/htdocs/wp-content/plugins/woocommerce/packages/woocommerce-admin/src/Notes/NoteTraits.php(74): Automattic\WooCommerce\Admin\Notes\OnboardingPayments::get_note()
#5 /opt/bitnami/apps/wordpress/htdocs/wp-content/plugins/woocommerce/packages/woocommerce-admin/src/Events.php(91): Automattic\WooCommerce\Admin\Notes\Onboardi in /opt/bitnami/apps/wordpress/htdocs/wp-content/themes/electro-child/functions.php on line 21

