2021-01-26T19:34:29+00:00 CRITICAL Uncaught Error: Call to a member function get() on null in /opt/bitnami/apps/wordpress/htdocs/wp-content/themes/electro-child/functions.php:21
Stack trace:
#0 /opt/bitnami/apps/wordpress/htdocs/wp-includes/class-wp-hook.php(287): x34fg_gateway_disable_shipping()
#1 /opt/bitnami/apps/wordpress/htdocs/wp-includes/plugin.php(212): WP_Hook->apply_filters()
#2 /opt/bitnami/apps/wordpress/htdocs/wp-content/plugins/woocommerce/includes/class-wc-payment-gateways.php(160): apply_filters()
#3 /opt/bitnami/apps/wordpress/htdocs/wp-content/plugins/woocommerce/packages/woocommerce-admin/src/Notes/OnboardingPayments.php(38): WC_Payment_Gateways->get_available_payment_gateways()
#4 /opt/bitnami/apps/wordpress/htdocs/wp-content/plugins/woocommerce/packages/woocommerce-admin/src/Notes/NoteTraits.php(74): Automattic\WooCommerce\Admin\Notes\OnboardingPayments::get_note()
#5 /opt/bitnami/apps/wordpress/htdocs/wp-content/plugins/woocommerce/packages/woocommerce-admin/src/Events.php(91): Automattic\WooCommerce\Admin\Notes\Onboardi in /opt/bitnami/apps/wordpress/htdocs/wp-content/themes/electro-child/functions.php on line 21

2021-01-26T20:36:05+00:00 CRITICAL syntax error, unexpected 'var' (T_VAR) in /opt/bitnami/apps/wordpress/htdocs/wp-content/themes/electro-child/functions.php on line 192

2021-01-26T20:38:50+00:00 CRITICAL Uncaught Error: Call to undefined function admin_uri() in /opt/bitnami/apps/wordpress/htdocs/wp-content/plugins/woocommerce-product-builder/frontend/step.php:339
Stack trace:
#0 /opt/bitnami/apps/wordpress/htdocs/wp-includes/class-wp-hook.php(287): VI_WPRODUCTBUILDER_FrontEnd_Step->step_html()
#1 /opt/bitnami/apps/wordpress/htdocs/wp-includes/class-wp-hook.php(311): WP_Hook->apply_filters()
#2 /opt/bitnami/apps/wordpress/htdocs/wp-includes/plugin.php(484): WP_Hook->do_action()
#3 /opt/bitnami/apps/wordpress/htdocs/wp-content/plugins/woocommerce-product-builder/templates/content-product-builder-single.php(6): do_action()
#4 /opt/bitnami/apps/wordpress/htdocs/wp-content/plugins/woocommerce/includes/wc-core-functions.php(345): include('/opt/bitnami/ap...')
#5 /opt/bitnami/apps/wordpress/htdocs/wp-content/plugins/woocommerce-product-builder/frontend/step.php(660): wc_get_template()
#6 /opt/bitnami/apps/wordpress/htdocs/wp-includes/class-wp-hook.php(287): VI_WPRODUCTBUILDER_FrontEnd_Step->product_builder_content_s in /opt/bitnami/apps/wordpress/htdocs/wp-content/plugins/woocommerce-product-builder/frontend/step.php on line 339

2021-01-26T20:39:50+00:00 CRITICAL Uncaught Error: Call to undefined function admin_uri() in /opt/bitnami/apps/wordpress/htdocs/wp-content/plugins/woocommerce-product-builder/frontend/step.php:339
Stack trace:
#0 /opt/bitnami/apps/wordpress/htdocs/wp-includes/class-wp-hook.php(287): VI_WPRODUCTBUILDER_FrontEnd_Step->step_html()
#1 /opt/bitnami/apps/wordpress/htdocs/wp-includes/class-wp-hook.php(311): WP_Hook->apply_filters()
#2 /opt/bitnami/apps/wordpress/htdocs/wp-includes/plugin.php(484): WP_Hook->do_action()
#3 /opt/bitnami/apps/wordpress/htdocs/wp-content/plugins/woocommerce-product-builder/templates/content-product-builder-single.php(6): do_action()
#4 /opt/bitnami/apps/wordpress/htdocs/wp-content/plugins/woocommerce/includes/wc-core-functions.php(345): include('/opt/bitnami/ap...')
#5 /opt/bitnami/apps/wordpress/htdocs/wp-content/plugins/woocommerce-product-builder/frontend/step.php(660): wc_get_template()
#6 /opt/bitnami/apps/wordpress/htdocs/wp-includes/class-wp-hook.php(287): VI_WPRODUCTBUILDER_FrontEnd_Step->product_builder_content_s in /opt/bitnami/apps/wordpress/htdocs/wp-content/plugins/woocommerce-product-builder/frontend/step.php on line 339

